         NAMELISTS of the input file : 1MJ_R.don                                         

&NL_CESAM
 NOM_CHEMIN="/home/localuser/Desktop/M2/Gas_Dynamics/Project/cesam2k20/SUN_STAR_DATA/                                                ",
 NOM_CTES="ctes_iau2015_codata2018",
 NOM_OUTPUT="all_nadia           ",
 NOM_OSC="none                ",
 ACOR=F,
 N_MAX=500        ,
 PRECISION="lm",
 /
&NL_MASS
 MTOT=  1.0000000000000000E-003,
 NOM_PERTM="pertm_ext           ",
 NOM_PERTM_SOLAR="pertm_ext           ",
 NOM_PERTM_RGB="pertm_ext           ",
 NOM_PERTM_AGB="pertm_ext           ",
 NOM_PERTM_HOT="pertm_ext           ",
 MDOT=  0.0000000000000000     ,
 /
&NL_EVOL
 AGEMAX=  10000.000000000000     ,
 XCX0= -1.0000000000000000     ,
 RHOC= -1.0000000000000000     ,
 L_STOP=  10000000000.000000     ,
 R_STOP=  10000000000.000000     ,
 ARRET="else",
 DTLIST=  1000000000000.0000     ,
 LOG_TEFF=  10.000000000000000     ,
 NB_MAX_MODELES=10000      ,
 HE_CORE= -1.0000000000000000     ,
 T_STOP=  50000000000.000000     ,
 X_STOP= -1.0000000000000000     ,
 /
&NL_CHIM
 GRILLE_FIXE=F,
 NOM_ABON="solaire_ags09       ",
 MODIF_CHIM=F,
 GARDE_XISH=F,
 X0= 0.72499999999999998     ,
 Y0= 0.27500000000000002     ,
 Z0= -1.0000000000000000     ,
 ZSX0=  0.0000000000000000     ,
 /
&NL_CONV
 NOM_CONV="conv_jmj            ",
 NOM_ALPHA="alpha_f             ",
 ALPHA=  1.6420906995607241     ,
 NOM_OVSHTS="ovshts_f            ",
 OVSHTS=  0.0000000000000000     ,
 OVSHTI=  0.0000000000000000     ,
 JPZ=F,
 CPTURB=  0.0000000000000000     ,
 LEDOUX=F,
 SOLBERG_HOILAND=F,
 GOUGH_TAYLER=F,
 /
&NL_DIFF
 DIFFUSION=F,
 NOM_DIFFM="diffm_mp            ",
 NOM_DIFFT="difft_cte           ",
 NOM_DIFFT_FING="no_fing             ",
 NOM_DIFFT_SMC="no_smc              ",
 D_TURB=  0.0000000000000000     ,
 RE_NU=  0.0000000000000000     ,
 NOM_FRAD="no_frad             ",
 /
&NL_ROT
 W_ROT=  18.000000000000000     ,
 UNIT="kms/s",
 NOM_DIFFW="diffw_0             ",
 NOM_DIFFMG_TS="diffmg_ts_0         ",
 NOM_THW="cons_glob_mnt_cin   ",
 NOM_GSF="no_gsf              ",
 ROT_ZC="solide              ",
 NOM_PERTW="pertw_0             ",
 P_PERTW=  6.4999999999999999E+047,
 LIM_JPZ=T,
 TAU_DISK=  0.0000000000000000     ,
 P_DISK=  0.0000000000000000     ,
 W_SAT=  8.0000000000000000     ,
 G_MODES=F,
 MIXED_MODES=F,
 INIT_ROT=F,
 /
&NL_ETAT
 NOM_ETAT="etat_cms19          ",
 F_EOS="eos5_sunags09_nodiff.bin                          ", 7*"                                                  ",
 /
&NL_OPA
 NOM_OPA="opa_simple                                        ",
 NOM_OPA_COND="cond_yveline21      ",
 F_OPA="opa_yveline_AGSS09_met.bin                        ","TOPS_MW                                           ","TOPS_LMC                                          ","TOPS_SMC                                          ", 4*"                                                  ",
 
 /
&NL_NUC
 NOM_NUC="ppcno9grad          ",
 NOM_NUC_CPL="NACRE_LUNA          ",
 NOM_NEUTRINOS="neutrinos_h94w66    ",
 MITLER=F,
 /
&NL_ATM
 NOM_ATM="lim_atm             ",
 NOM_TDETAU="edding              ",
 TAU_MAX=  20.000000000000000     ,
 LIM_RO=T,
 /
&NL_MAG
 NOM_MAG="mag_0               ",
 MAG_INHIB=  0.0000000000000000     ,
 BR=  0.0000000000000000     ,
 BPHI=  0.0000000000000000     ,
 BTHETA=  0.0000000000000000     ,
 XMAX=  0.0000000000000000     ,
 XMAX_UNIT="rstar",
 BRMAX=  0.0000000000000000     ,
 /
&NL_RLG
 NUM%INI0=6          ,
 NUM%L0=0          ,
 NUM%M_QS=2          ,
 NUM%M_CH=3          ,
 NUM%M_VTH=3          ,
 NUM%M_ROT=3          ,
 NUM%M_TDS=2          ,
 NUM%M_PTM=2          ,
 NUM%N_ATM=100        ,
 NUM%N_MAX=2500       ,
 NUM%N_MIN=150        ,
 NUM%N_MIN_POST=150        ,
 NUM%ORDRE=2          ,
 NUM%YLD_REP=1          ,
 NUM%YLD_OSC=1          ,
 NUM%OSC2D_STEP=5          ,
 NUM%OSC_STEP=1          ,
 NUM%M_QS2D=3          ,
 NUM%M_ROT2D=3          ,
 NUM%M_LEGENDRE=2          ,
 NUM%N_THETA=100        ,
 NUM%ITER_QS= 7*0          ,
 NUM%CTEL=  0.0000000000000000     ,
 NUM%CTEP= -1.0000000000000000     ,
 NUM%CTEM=  15.000000000000000     ,
 NUM%CTER=  0.0000000000000000     ,
 NUM%CTET= -1.0000000000000000     ,
 NUM%D_GRAV= 0.50000000000000000     ,
 NUM%COEFF_D_GRAV_POST=  1.0000000000000000     ,
 NUM%D_GRAV_INT=  2.5000000000000000     ,
 NUM%DLNTC=  5.0000000000000003E-002,
 NUM%DRHOC= -1.0000000000000000     ,
 NUM%DTEFF= -1.0000000000000000     ,
 NUM%DLOGG= -1.0000000000000000     ,
 NUM%DALPHA=  2.9999999999999999E-002,
 NUM%DLUM= -1.0000000000000000     ,
 NUM%DW= -1.0000000000000000     ,
 NUM%DRHOCA= -1.0000000000000000     ,
 NUM%DSENV=  5.0000000000000001E-004,
 NUM%EVOLVED= 0.10000000000000001     ,
 NUM%DN_FIXE= 0.10000000000000001     ,
 NUM%DPSI=  5.0000000000000003E-002,
 NUM%DT0=  1.0000000000000000     ,
 NUM%DTMAX=  50.000000000000000     ,
 NUM%DTMIN=  1.0000000000000001E-015,
 NUM%FMIN_ABON=  1.0000000000000000E-002,
 NUM%LOC_ZC=  1.0000000000000000E-004,
 NUM%PRECIX=  1.0000000000000000E-004,
 NUM%PRECIT=  5.0000000000000003E-002,
 NUM%PSI0=  5.9999999999999998E-002,
 NUM%RO_TEST= 0.10000000000000001     ,
 NUM%Q0=  0.0000000000000000     ,
 NUM%YLD_DX= -1.0000000000000000     ,
 NUM%YLD_RAC=  1.0000000000000000     ,
 NUM%TAU_MIN=  1.0000000000000000E-004,
 NUM%DT_M= -2.5000000000000000     ,
 NUM%X_TAMS=  1.0000000000000000E-002,
 NUM%Y_AGB=  1.0000000000000000E-003,
 NUM%DX_TAMS=  1.0000000000000000E-004,
 NUM%MCZ_EXT_MIN=  1.0000000000000000E-010,
 NUM%TOL_ALPHA=  1.0000000000000001E-005,
 NUM%EXACT_STOP=T,
 NUM%EN_MASSE=T,
 NUM%KIPP=T,
 NUM%LISSE=F,
 NUM%MU_SAHA=F,
 NUM%MVT_DIS=T,
 NUM%NEW_BV=F,
 NUM%YLD_HR=F,
 NUM%YLD_L23=F,
 NUM%YLD_FGONG=F,
 NUM%D2=T,
 NUM%GENERAL=F,
 NUM%SIMPLE=T,
 NUM%EXTENDED_OSC2D=F,
 NUM%VDIFF_OUT=F,
 NUM%GRAD_OUT=F,
 NUM%TH_OUT=F,
 NUM%EOS_INPLACE=F,
 NUM%OUT_PMS=T,
 NUM%CLEAN=T,
 NUM%G_MODES_AB=F,
 NUM%PRECISION="lm",
 NUM%LTAU_REP="cub",
 NUM%EC_S="average",
 NUM%LIM_ZC="gabriel14",
 NUM%INITED=T,
 NUM%WRITE_REPH5=T,
 /
&NL_EXTRA
 EXTRA%RHO_EXT=  3.5499999999999999E-009,
 EXTRA%EASY_KRISW=F,
 EXTRA%ELL_MAX=10         ,
 EXTRA%ELL_MIN=1          ,
 EXTRA%NDELTA=5          ,
 EXTRA%ETA_SUN=  4.3599999999999998E-006,
 EXTRA%T0_CORSARO=  601.00000000000000     ,
 EXTRA%ETA_0= -1.0000000000000000     ,
 EXTRA%RATIO_WORK_MAX=  100000.00000000000     ,
 EXTRA%MODE_DAMPING=T,
 EXTRA%NPT_CENTRAL_CZ=0          ,
 EXTRA%NMORE_SHELLS=1          ,
 EXTRA%OPT_TAU_TURB=0          ,
 EXTRA%NU_V_FACT=  1.0000000000000000     ,
 EXTRA%NU_V_ADD=  0.0000000000000000     ,
 EXTRA%NU_H_FACT=  1.0000000000000000     ,
 EXTRA%NU_H_ADD=  0.0000000000000000     ,
 EXTRA%DEFF_FACT=  1.0000000000000000     ,
 EXTRA%DEFF_ADD=  0.0000000000000000     ,
 EXTRA%DV_FACT=  1.0000000000000000     ,
 EXTRA%DV_ADD=  0.0000000000000000     ,
 EXTRA%RE_C=  10.000000000000000     ,
 EXTRA%RI_C= 0.16666666666666666     ,
 EXTRA%OMEGA_SUN=  2.8600000000000001E-006,
 EXTRA%FAST_ROT= -1.0000000000000000     ,
 EXTRA%R_TRANSITION=  1.0090000000000000E-002,
 EXTRA%WIDTH_TRANSITION=  1.2110000000000001E-003,
 EXTRA%OMEGA_C=  6.2800000000000000E-006,
 EXTRA%OMEGA_S=  3.4499999999999998E-007,
 EXTRA%STRUCT2D="     ",
 EXTRA%STRUCT2D_FILE="                                                  ",
 EXTRA%T_MIX=  0.0000000000000000     ,
 EXTRA%M_MIX=  0.0000000000000000     ,
 EXTRA%EXPO_MIX=  3.0000000000000000     ,
 EXTRA%CST_MIX=  0.0000000000000000     ,
 EXTRA%D_EXPO_2=  0.0000000000000000     ,
 EXTRA%L_EXPO=  0.0000000000000000     ,
 EXTRA%L_EXPO_2=  0.0000000000000000     ,
 EXTRA%ETA_GRAD=  1.0000000000000000     ,
 EXTRA%GOOP=  0.0000000000000000     ,
 EXTRA%ETA_VDIF=  1.0000000000000000     ,
 EXTRA%NO_DIFF_POST=F,
 EXTRA%B_STRENGTH=  0.0000000000000000     ,
 EXTRA%ERRABOP= 0.10000000000000001     ,
 EXTRA%TEFF_ZAMS_SUN=  5700.0000000000000     ,
 EXTRA%TEFF_ZAMS_2=  7000.0000000000000     ,
 EXTRA%T0_SUN=  2691533.7500000000     ,
 EXTRA%T0_2=  794328.43750000000     ,
 EXTRA%T_OV_INF=  500000.00000000000     ,
 EXTRA%ALPHA_JCD11= 0.30000001192092896     ,
 EXTRA%BETA_JCD11= 0.20000000298023224     ,
 EXTRA%CLARET18_SHIFT=  0.0000000000000000     ,
 EXTRA%T_OP_INF=  10000.000000000000     ,
 EXTRA%T_OP_SUP=  6500000.0000000000     ,
 EXTRA%T_OPLIB_INF=  10000.000000000000     ,
 EXTRA%T_OPLIB_SUP=  1160000000.0000000     ,
 EXTRA%USE_FINDNE=T,
 EXTRA%LT_COMPTON_L=  8.1999999999999993     ,
 EXTRA%LT_COMPTON_H=  8.6999999999999993     ,
 EXTRA%T_COMPTON=  70000000.000000000     ,
 EXTRA%PRVT_EC=F,
 EXTRA%DS=  0.0000000000000000     ,
 EXTRA%ALPHA_AUTOGUESS=F,
 EXTRA%EC_CORR=T,
 EXTRA%EC_GRID="cifist    ",
 EXTRA%EC_EXTRAP="keep       ",
 EXTRA%ALPHA_M10= -1.0000000000000000     ,
 EXTRA%ALPHA_M15= -1.0000000000000000     ,
 EXTRA%A_M10_Z005= -1.0000000000000000     ,
 EXTRA%A_M15_Z005= -1.0000000000000000     ,
 EXTRA%A_M10_Z02= -1.0000000000000000     ,
 EXTRA%A_M15_Z02= -1.0000000000000000     ,
 EXTRA%MASS_LOSS_ETA= 0.50000000000000000     ,
 EXTRA%MASS_LOSS_ZETA= 0.50000000000000000     ,
 EXTRA%LOG_LUM_MIN_JVH=  2.5000000000000000     ,
 EXTRA%LOG_LUM_MAX_JVH=  6.7000000000000002     ,
 EXTRA%V_INF_ON_V_ESC_HOT=  2.6000000000000001     ,
 EXTRA%V_INF_ON_V_ESC_COLD=  1.3000000000000000     ,
 EXTRA%ETA_R_RGB_1= 0.50000000000000000     ,
 EXTRA%ETA_R_RGB_2=  1.0000000000000000     ,
 EXTRA%DB_CME=  100.00000000000000     ,
 EXTRA%TAU_CME=  2700.0000000000000     ,
 EXTRA%A_CME= 0.52000000000000002     ,
 EXTRA%ALPHA_CME=  1.8000000000000000     ,
 EXTRA%ETA_NUC=  1.0000000000000000     ,
 EXTRA%SCREEN=T,
 EXTRA%R_H2H=  1.0000000000000000     ,
 EXTRA%R_14N15O=  1.0000000000000000     ,
 EXTRA%P_POWER_MATT15=  2.0000000000000000     ,
 EXTRA%TAU_CONV_SUN=  35.000000000000000     ,
 EXTRA%PERTW_PROFILE="constant",
 EXTRA%MASS_TOL_CZ= 0.10000000000000001     ,
 EXTRA%N_FAKE_CE=1          ,
 EXTRA%D_CONV=  10000000000000.000     ,
 EXTRA%CONV_BLOCK=F,
 EXTRA%NO_TOT_RAD_POST=F,
 EXTRA%INJ_A= -1.0000000000000000     ,
 EXTRA%INJ_MU=  1.0000000000000000E-004,
 EXTRA%OVS_TYPE="radia",
 EXTRA%OVI_TYPE="adia ",
 EXTRA%START_OVSHTI_ZAMS=T,
 EXTRA%SOURCE_CTS="IAU2015_CODATA2018                                ",
 EXTRA%DEBUG=F,
 EXTRA%CONVECTION_OUT=F,
 EXTRA%HSE_OUT=F,
 EXTRA%ROTA_OUT="none    ",
 EXTRA%LIM_ZC_OUT=F,
 EXTRA%TS_OUT=F,
 EXTRA%PRVT_TS=F,
 EXTRA%TS_DT_MAX=  5.0000000000000003E-002,
 EXTRA%LSMOOTH_FACT=  1.0000000000000000     ,
 EXTRA%LSMOOTH_MIN=  0.0000000000000000     ,
 EXTRA%ALPHA_FULLER=  1.0000000000000000     ,
 EXTRA%TS_WEAK_B=F,
 EXTRA%TS_HYSTERESIS=F,
 EXTRA%TS_PATCH_REGIME=T,
 EXTRA%TS_QLIM=T,
 EXTRA%TS_EXTRAPOLATE=F,
 EXTRA%TS_AVERAGE="parabola",
 EXTRA%TS_AVERAGE_LENGTH="none",
 EXTRA%TS_U0=1          ,
 EXTRA%N_CONTOURS_BURN=4          ,
 EXTRA%BURN_CONTOURS=  1.0000000000000000     ,  10.000000000000000     ,  1000.0000000000000     ,  100000.00000000000     , 6*-1.0000000000000000      ,
 
 EXTRA%FULL_HR=T,
 EXTRA%WRITES_TAU_CONV=T,
 EXTRA%WRITES_NUC_NEUTR=T,
 EXTRA%WRITES_L_NUC=T,
 EXTRA%WRITES_MDOT=T,
 EXTRA%WRITES_CONV=T,
 EXTRA%WRITES_2D=T,
 EXTRA%WRITES_BURN_ZONES=T,
 EXTRA%WRITES_TOP=T,
 EXTRA%PLATO_TRACK=F,
 EXTRA%OSM_P_PERTW=  1.0000000000000000     ,
 /

Numerical parameters which are used : 
for highly evolved models with small masses
Y0 and Z0 are calculated from X0 et Z/X0, read on the
file : 1MJ_R.don                                         
X0= 7.250E-01, X0= 2.750E-01, Z0= 0.000E+00


    Constantes fondamentales selon PLATO WP120 - Constants (CODATA 2018)             

masse solaire= 1.98840987E+33
luminosite solaire= 3.82800000E+33
rayon solaire= 6.95700000E+10
charge de l'electron= 4.80320471E-10
constante de Boltzmann= 1.38064900E-16
constante de Planck= 6.62607015E-27
constante gravitation= 6.67430000E-08
constante radiation= 7.56573325E-15
celerite de la lumiere= 2.99792458E+10
electron volt= 1.60217663E-12
masse atomique unite= 1.66053907E-24
masse de l'electron= 9.10938370E-28
zero des Mbol L= 3.05500000E+33
constante de Newton G Msol= 1.32712440E+26

 masses des noyaux, donnees de NACRE 1999

    H= 1.00782500E+00     H2= 2.01410180E+00      He3= 3.01602930E+00
  He4= 4.00260330E+00    Li6= 6.01512100E+00      Li7= 7.01600400E+00
  Be7= 7.01692920E+00    Be9= 9.01218210E+00      C12= 1.20000000E+01
  C13= 1.30033548E+01    N13= 1.30057386E+01      N14= 1.40030740E+01
  N15= 1.50010890E+01    O16= 1.59949146E+01      O17= 1.69991315E+01
  O18= 1.79991604E+01    F18= 1.80009377E+01      F19= 1.89984032E+01
 Ne20= 1.99924402E+01   Ne22= 2.19913855E+01     Na23= 2.29897697E+01
 Mg24= 2.39850419E+01   Mg25= 2.49858370E+01     Mg26= 2.59825930E+01
 Fe56= 5.58470000E+01   neut= 1.00866500E+00     prot= 1.00727647E+00

One chooses as a binary initial model : ./1MJ_R_B.pms                                                                        
